2020-06-23 11:48:17,398:DEBUG:Loading times are facial detection : 0.46175241470336914 , landmark detection : 0.9716916084289551 , head pose detection : 0.21136951446533203 , gaze estimation : 0.525824785232544 
2020-06-23 11:49:41,578:DEBUG:Average inf. time are fd : 0.03906707440392446, ld : 0.0035522590249271718, hp : 0.0031977467617746126, gd : 0.00452075570316638
2020-06-23 11:49:41,578:DEBUG:Total inf. time are fd : 2.304957389831543, ld : 0.20958328247070312, hp : 0.18866705894470215, gd : 0.2667245864868164
2020-06-23 11:49:41,578:DEBUG:FPS time are fd : 25.59700246966908, ld : 281.5110027120001, hp : 312.7201978448859, gd : 221.20195508454276
2020-06-23 11:49:41,578:INFO:Stream Ended
2020-06-23 11:50:17,099:DEBUG:Loading times are facial detection : 0.5187034606933594 , landmark detection : 1.7589049339294434 , head pose detection : 0.4001595973968506 , gaze estimation : 0.29756903648376465 
2020-06-23 11:51:38,044:DEBUG:Average inf. time are fd : 0.0386140063657599, ld : 0.0035182136600300415, hp : 0.0025421158742096463, gd : 0.0043485568741620595
2020-06-23 11:51:38,044:DEBUG:Total inf. time are fd : 2.278226375579834, ld : 0.20757460594177246, hp : 0.14998483657836914, gd : 0.2565648555755615
2020-06-23 11:51:38,044:DEBUG:FPS time are fd : 25.897338663276532, ld : 284.23515358400977, hp : 393.37309921441084, gd : 229.9613478535207
2020-06-23 11:51:38,044:INFO:Stream Ended
2020-06-23 12:25:14,609:DEBUG:Loading times are facial detection : 0.3855628967285156 , landmark detection : 0.7866072654724121 , head pose detection : 0.14713358879089355 , gaze estimation : 0.18492913246154785 
2020-06-23 12:25:37,454:DEBUG:Average inf. time are fd : 0.050660133361816406, ld : 0.004827997901222922, hp : 0.0027849674224853516, gd : 0.0027824098413640804
2020-06-23 12:25:37,454:DEBUG:Total inf. time are fd : 0.5572614669799805, ld : 0.05310797691345215, hp : 0.030634641647338867, gd : 0.030606508255004883
2020-06-23 12:25:37,455:DEBUG:FPS time are fd : 19.739387436230494, ld : 207.12519360182446, hp : 359.0706275147676, gd : 359.40068394444313
2020-06-23 12:25:37,455:INFO:Stream Ended
2020-06-23 12:26:22,948:DEBUG:Loading times are facial detection : 0.3877568244934082 , landmark detection : 0.7868142127990723 , head pose detection : 0.14991402626037598 , gaze estimation : 0.18691396713256836 
2020-06-23 12:26:37,706:DEBUG:Average inf. time are fd : 0.04997941425868443, ld : 0.009355238505772181, hp : 0.0004309586116245815, gd : 0.000284092766898019
2020-06-23 12:26:37,707:DEBUG:Total inf. time are fd : 0.349855899810791, ld : 0.06548666954040527, hp : 0.0030167102813720703, gd : 0.001988649368286133
2020-06-23 12:26:37,707:DEBUG:FPS time are fd : 20.008237688104558, ld : 106.89198350026032, hp : 2320.4084406860034, gd : 3519.9769811773167
2020-06-23 12:26:37,707:INFO:Stream Ended
2020-06-23 12:27:35,741:DEBUG:Loading times are facial detection : 0.36986732482910156 , landmark detection : 0.7807095050811768 , head pose detection : 0.14891529083251953 , gaze estimation : 0.18589282035827637 
2020-06-23 12:28:02,571:DEBUG:Average inf. time are fd : 0.05185631910959879, ld : 0.00338667631149292, hp : 0.0025898019472757974, gd : 0.0035962065060933432
2020-06-23 12:28:02,571:DEBUG:Total inf. time are fd : 0.6222758293151855, ld : 0.04064011573791504, hp : 0.03107762336730957, gd : 0.04315447807312012
2020-06-23 12:28:02,571:DEBUG:FPS time are fd : 19.28405288247496, ld : 295.2747496436051, hp : 386.1299127726335, gd : 278.07079440672254
2020-06-23 12:28:02,572:INFO:Stream Ended
2020-06-23 13:36:44,790:DEBUG:Loading times are facial detection : 0.39177513122558594 , landmark detection : 0.7995419502258301 , head pose detection : 0.1539151668548584 , gaze estimation : 0.1868901252746582 
2020-06-23 13:37:14,663:DEBUG:Loading times are facial detection : 0.37576746940612793 , landmark detection : 0.7863891124725342 , head pose detection : 0.14691495895385742 , gaze estimation : 0.18489670753479004 
2020-06-23 13:39:28,002:DEBUG:Average inf. time are fd : 0.05307576748041006, ld : 0.003720214733710656, hp : 0.002417445182800293, gd : 0.003030245120708759
2020-06-23 13:39:28,003:DEBUG:Total inf. time are fd : 2.7599399089813232, ld : 0.1934511661529541, hp : 0.12570714950561523, gd : 0.15757274627685547
2020-06-23 13:39:28,003:DEBUG:FPS time are fd : 18.840989918216327, ld : 268.80168796132085, hp : 413.65984516001777, gd : 330.00630647533393
2020-06-23 13:39:28,003:INFO:Stream Ended
2020-06-23 13:41:48,280:DEBUG:Loading times are facial detection : 0.3767848014831543 , landmark detection : 0.804520845413208 , head pose detection : 0.15031743049621582 , gaze estimation : 0.1828927993774414 
2020-06-23 13:42:16,378:DEBUG:Average inf. time are fd : 0.0562549318586077, ld : 0.0037141527448381695, hp : 0.002137558800833566, gd : 0.002996274403163365
2020-06-23 13:42:16,378:DEBUG:Total inf. time are fd : 0.3937845230102539, ld : 0.025999069213867188, hp : 0.014962911605834961, gd : 0.020973920822143555
2020-06-23 13:42:16,379:DEBUG:FPS time are fd : 17.77621920356104, ld : 269.24040789377153, hp : 467.82338788062265, gd : 333.74780325334484
2020-06-23 13:42:16,379:INFO:Stream Ended
2020-06-23 13:42:45,069:DEBUG:Loading times are facial detection : 0.37476444244384766 , landmark detection : 0.7736995220184326 , head pose detection : 0.15121245384216309 , gaze estimation : 0.18953680992126465 
2020-06-23 13:43:08,144:DEBUG:Average inf. time are fd : 0.03205640175763298, ld : 0.004391025094424977, hp : 0.0024733683642219097, gd : 0.002403553794412052
2020-06-23 13:43:08,144:DEBUG:Total inf. time are fd : 0.5449588298797607, ld : 0.07464742660522461, hp : 0.04204726219177246, gd : 0.04086041450500488
2020-06-23 13:43:08,145:DEBUG:FPS time are fd : 31.195017068997426, ld : 227.73725462640613, hp : 404.3069420897147, gd : 416.0506007083632
2020-06-23 13:43:08,145:INFO:Stream Ended
2020-06-23 13:43:19,451:DEBUG:Loading times are facial detection : 0.7795534133911133 , landmark detection : 1.068389654159546 , head pose detection : 0.18589282035827637 , gaze estimation : 0.19388914108276367 
2020-06-23 13:43:33,224:DEBUG:Average inf. time are fd : 0.03700187206268311, ld : 0.005162501335144043, hp : 0.0036010503768920898, gd : 0.003199124336242676
2020-06-23 13:43:33,225:DEBUG:Total inf. time are fd : 0.37001872062683105, ld : 0.05162501335144043, hp : 0.0360105037689209, gd : 0.03199124336242676
2020-06-23 13:43:33,225:DEBUG:FPS time are fd : 27.025659628949253, ld : 193.7045503877043, hp : 277.6967538185502, gd : 312.585537445689
2020-06-23 13:43:33,225:INFO:Stream Ended
2020-06-23 13:44:07,469:DEBUG:Loading times are facial detection : 0.3723020553588867 , landmark detection : 0.7825324535369873 , head pose detection : 0.1539134979248047 , gaze estimation : 0.1848914623260498 
2020-06-23 13:44:13,068:DEBUG:Average inf. time are fd : 0.03297203779220581, ld : 0.0034978389739990234, hp : 0.003003716468811035, gd : 0.001989305019378662
2020-06-23 13:44:13,068:DEBUG:Total inf. time are fd : 0.13188815116882324, ld : 0.013991355895996094, hp : 0.01201486587524414, gd : 0.007957220077514648
2020-06-23 13:44:13,069:DEBUG:FPS time are fd : 30.328729037074798, ld : 285.8908049894349, hp : 332.92090328213675, gd : 502.68811985018726
2020-06-23 13:44:13,069:INFO:Stream Ended
2020-06-23 13:44:22,939:DEBUG:Loading times are facial detection : 0.4397296905517578 , landmark detection : 0.7895479202270508 , head pose detection : 0.14791607856750488 , gaze estimation : 0.18389487266540527 
2020-06-23 13:44:28,537:DEBUG:Average inf. time are fd : 0.03372597694396973, ld : 0.003756403923034668, hp : 0.002755463123321533, gd : 0.0022463202476501465
2020-06-23 13:44:28,537:DEBUG:Total inf. time are fd : 0.1349039077758789, ld : 0.015025615692138672, hp : 0.011021852493286133, gd : 0.008985280990600586
2020-06-23 13:44:28,538:DEBUG:FPS time are fd : 29.65073485228727, ld : 266.2120529338961, hp : 362.9153994246036, gd : 445.1724998009924
2020-06-23 13:44:28,538:INFO:Stream Ended
2020-06-23 13:52:13,323:DEBUG:Loading times are facial detection : 0.3967771530151367 , landmark detection : 0.8053035736083984 , head pose detection : 0.17564034461975098 , gaze estimation : 0.18689298629760742 
2020-06-23 13:52:26,967:DEBUG:Average inf. time are fd : 0.03248066902160644, ld : 0.003999972343444824, hp : 0.002299928665161133, gd : 0.002390551567077637
2020-06-23 13:52:26,968:DEBUG:Total inf. time are fd : 0.32480669021606445, ld : 0.03999972343444824, hp : 0.022999286651611328, gd : 0.023905515670776367
2020-06-23 13:52:26,968:DEBUG:FPS time are fd : 30.787543179445926, ld : 250.00172854664993, hp : 434.7960939605664, gd : 418.31350294713116
2020-06-23 13:52:26,968:INFO:Stream Ended
2020-06-23 13:52:40,720:DEBUG:Loading times are facial detection : 0.38178086280822754 , landmark detection : 0.8061182498931885 , head pose detection : 0.14791464805603027 , gaze estimation : 0.1938917636871338 
2020-06-23 13:53:06,213:DEBUG:Average inf. time are fd : 0.03298224900898181, ld : 0.0039489645706979855, hp : 0.0023726036674097963, gd : 0.0027878033487420332
2020-06-23 13:53:06,213:DEBUG:Total inf. time are fd : 0.6266627311706543, ld : 0.07503032684326172, hp : 0.04507946968078613, gd : 0.05296826362609863
2020-06-23 13:53:06,214:DEBUG:FPS time are fd : 30.319339343041086, ld : 253.23093740069905, hp : 421.47789524902555, gd : 358.7053586298472
2020-06-23 13:53:06,214:INFO:Stream Ended
2020-06-23 13:53:16,235:DEBUG:Loading times are facial detection : 0.3727867603302002 , landmark detection : 0.84749436378479 , head pose detection : 0.25185704231262207 , gaze estimation : 0.22289204597473145 
2020-06-23 13:53:41,577:DEBUG:Average inf. time are fd : 0.04893772942679269, ld : 0.0032881668635777067, hp : 0.001993145261492048, gd : 0.0019934517996651785
2020-06-23 13:53:41,578:DEBUG:Total inf. time are fd : 0.34256410598754883, ld : 0.023017168045043945, hp : 0.013952016830444336, gd : 0.01395416259765625
2020-06-23 13:53:41,578:DEBUG:FPS time are fd : 20.43413153231655, ld : 304.1208191338395, hp : 501.7195782566346, gd : 501.6424275560416
2020-06-23 13:53:41,579:INFO:Stream Ended
2020-06-23 13:58:45,772:DEBUG:Loading times are facial detection : 0.3777637481689453 , landmark detection : 0.8077855110168457 , head pose detection : 0.1786649227142334 , gaze estimation : 0.21519756317138672 
2020-06-23 13:59:56,653:DEBUG:Average inf. time are fd : 0.03250204392199246, ld : 0.004050835123601949, hp : 0.002510633108750829, gd : 0.002527340403142965
2020-06-23 13:59:56,653:DEBUG:Total inf. time are fd : 1.7226083278656006, ld : 0.21469426155090332, hp : 0.13306355476379395, gd : 0.13394904136657715
2020-06-23 13:59:56,654:DEBUG:FPS time are fd : 30.76729581684404, ld : 246.86267633396375, hp : 398.3059079857161, gd : 395.67285782176947
2020-06-23 13:59:56,654:INFO:Stream Ended
2020-06-23 14:01:03,928:DEBUG:Loading times are facial detection : 0.36978793144226074 , landmark detection : 0.7803404331207275 , head pose detection : 0.14691638946533203 , gaze estimation : 0.18789219856262207 
2020-06-23 14:01:09,538:DEBUG:Average inf. time are fd : 0.034230709075927734, ld : 0.003497898578643799, hp : 0.002493739128112793, gd : 0.0025034546852111816
2020-06-23 14:01:09,539:DEBUG:Total inf. time are fd : 0.13692283630371094, ld : 0.013991594314575195, hp : 0.009974956512451172, gd : 0.010013818740844727
2020-06-23 14:01:09,539:DEBUG:FPS time are fd : 29.213534483959492, ld : 285.8859333730936, hp : 401.0042545054735, gd : 399.4480131425442
2020-06-23 14:01:09,539:INFO:Stream Ended
2020-06-23 14:06:36,669:DEBUG:Loading times are facial detection : 0.4058036804199219 , landmark detection : 1.0353877544403076 , head pose detection : 0.15291333198547363 , gaze estimation : 0.19988250732421875 
2020-06-23 14:06:42,281:DEBUG:Average inf. time are fd : 0.03535741567611694, ld : 0.004244565963745117, hp : 0.002001643180847168, gd : 0.003246486186981201
2020-06-23 14:06:42,282:DEBUG:Total inf. time are fd : 0.14142966270446777, ld : 0.01697826385498047, hp : 0.008006572723388672, gd : 0.012985944747924805
2020-06-23 14:06:42,282:DEBUG:FPS time are fd : 28.28261005160157, ld : 235.59534909846656, hp : 499.5895420165565, gd : 308.02533644224945
2020-06-23 14:06:42,282:INFO:Stream Ended
2020-06-23 14:06:48,249:DEBUG:Loading times are facial detection : 0.40674877166748047 , landmark detection : 0.8235256671905518 , head pose detection : 0.15591120719909668 , gaze estimation : 0.19888591766357422 
2020-06-23 14:06:54,011:DEBUG:Average inf. time are fd : 0.03647869825363159, ld : 0.004888772964477539, hp : 0.0020074844360351562, gd : 0.004244387149810791
2020-06-23 14:06:54,011:DEBUG:Total inf. time are fd : 0.14591479301452637, ld : 0.019555091857910156, hp : 0.008029937744140625, gd : 0.016977548599243164
2020-06-23 14:06:54,011:DEBUG:FPS time are fd : 27.41325891201302, ld : 204.5503048037064, hp : 498.1358669833729, gd : 235.60527461416393
2020-06-23 14:06:54,011:INFO:Stream Ended
2020-06-23 14:07:09,720:DEBUG:Loading times are facial detection : 0.39275407791137695 , landmark detection : 0.8255271911621094 , head pose detection : 0.15191650390625 , gaze estimation : 0.1948857307434082 
2020-06-23 14:08:16,710:DEBUG:Average inf. time are fd : 0.03406644344329834, ld : 0.004345016479492187, hp : 0.0029550838470458985, gd : 0.002475724220275879
2020-06-23 14:08:16,710:DEBUG:Total inf. time are fd : 1.703322172164917, ld : 0.21725082397460938, hp : 0.14775419235229492, gd : 0.12378621101379395
2020-06-23 14:08:16,711:DEBUG:FPS time are fd : 29.35439978242646, ld : 230.1487243419782, hp : 338.39987349247895, gd : 403.9222106445145
2020-06-23 14:08:16,711:INFO:Stream Ended
